[2020-04-17 13:32:14] run_gem_wrappers
run_gem_wrappers () 
{ 
    gem_install gem-wrappers > /dev/null && gem wrappers "$@" || return $?
}
current path: /home/sid
GEM_HOME=/home/sid/.rvm/gems/ruby-2.7.0@global
GEM_PATH=/home/sid/.rvm/gems/ruby-2.7.0@global
PATH=/home/sid/.rvm/gems/ruby-2.7.0@global/bin:/usr/share/rvm/rubies/ruby-2.7.0/bin:/usr/share/rvm/bin:/usr/local/sbin:/usr/local/bin:/usr/sbin:/usr/bin:/sbin:/bin:/usr/games:/usr/local/games:/mnt/c/Program Files/WindowsApps/CanonicalGroupLimited.UbuntuonWindows_1804.2020.5.0_x64__79rhkp1fndgsc:/mnt/c/windows/system32:/mnt/c/windows:/mnt/c/windows/System32/Wbem:/mnt/c/windows/System32/WindowsPowerShell/v1.0:/mnt/c/windows/System32/OpenSSH:/mnt/d/Softwares/bin:/mnt/c/Users/Sidharth/AppData/Local/Microsoft/WindowsApps:/mnt/c/Users/Sidharth/AppData/Local/atom/bin:/mnt/c/Users/Sidharth/AppData/Local/Yarn/bin:/snap/bin
command(2): run_gem_wrappers regenerate
+ gem_install gem-wrappers
+ typeset gem_name gem_version version_check
+ gem_version=
+ __rvm_parse_gems_args gem-wrappers
+ typeset gem=gem-wrappers
+ __rvm_string_match gem-wrappers '*.gem$'
+ typeset _string
+ _string=gem-wrappers
+ shift
+ ((  1  ))
+ case "${_string}" in
+ shift
+ ((  0  ))
+ return 1
+ gem_name=gem-wrappers
+ case "$gem" in
+ [[ -z '' ]]
+ __rvm_db gem_gem-wrappers_version gem_version
+ typeset value key variable
+ key=gem_gem-wrappers_version
+ variable=gem_version
+ value=
+ [[ -f /home/sid/.rvm/user/db ]]
++ __rvm_db_ /home/sid/.rvm/user/db gem_gem-wrappers_version
++ typeset __db __key __value
++ __db=/home/sid/.rvm/user/db
++ __key=gem_gem-wrappers_version
++ shift 2
++ __value=
++ case "${__value}" in
++ __rvm_db_get /home/sid/.rvm/user/db gem_gem-wrappers_version
++ [[ -f /home/sid/.rvm/user/db ]]
++ __rvm_sed -n -e '\#^gem_gem-wrappers_version=# { s#^gem_gem-wrappers_version=##;; p; }' -e '/^$/d'
++ sed -n -e '\#^gem_gem-wrappers_version=# { s#^gem_gem-wrappers_version=##;; p; }' -e '/^$/d'
+ value=
+ [[ -z '' ]]
+ [[ -f /usr/share/rvm/config/db ]]
++ __rvm_db_ /usr/share/rvm/config/db gem_gem-wrappers_version
++ typeset __db __key __value
++ __db=/usr/share/rvm/config/db
++ __key=gem_gem-wrappers_version
++ shift 2
++ __value=
++ case "${__value}" in
++ __rvm_db_get /usr/share/rvm/config/db gem_gem-wrappers_version
++ [[ -f /usr/share/rvm/config/db ]]
++ __rvm_sed -n -e '\#^gem_gem-wrappers_version=# { s#^gem_gem-wrappers_version=##;; p; }' -e '/^$/d'
++ sed -n -e '\#^gem_gem-wrappers_version=# { s#^gem_gem-wrappers_version=##;; p; }' -e '/^$/d'
+ value='>=1.4.0'
+ [[ -n >=1.4.0 ]]
+ [[ -n gem_version ]]
+ eval 'gem_version='\''>=1.4.0'\'''
++ gem_version='>=1.4.0'
+ true
+ ((  0 == 0  ))
+ is_gem_installed
+ typeset gem_spec
+ gem_spec='gem '\''gem-wrappers'\'''
+ [[ -n >=1.4.0 ]]
+ gem_spec+=', '\''>=1.4.0'\'''
+ version_check=1.4.0
+ __rvm_ls -ld /home/sid/.rvm/gems/ruby-2.7.0@global/gems/gem-wrappers-1.4.0
+ rvm_log 'gem gem-wrappers >=1.4.0 is already installed'
+ [[ '' == 1 ]]
+ printf %b 'gem gem-wrappers >=1.4.0 is already installed\n'
+ return 0
+ gem wrappers regenerate
