[2020-04-17 13:32:17] alias_delete_execute
alias_delete_execute () 
{ 
    for _path in "$rvm_rubies_path" "$rvm_gems_path" "$rvm_environments_path" "$rvm_wrappers_path";
    do
        if [[ -L "$_path/$1" ]]; then
            \command \rm -fv "$_path/$1" || return $?;
        fi;
    done;
    __rvm_db_ "$rvm_path/config/alias" "$1" "delete";
    alias_after_delete_default "$1" || return $?
}
current path: /home/sid
GEM_HOME=/home/sid/.rvm/gems/ruby-2.7.0
GEM_PATH=/home/sid/.rvm/gems/ruby-2.7.0:/home/sid/.rvm/gems/ruby-2.7.0@global
PATH=/home/sid/.rvm/gems/ruby-2.7.0/bin:/home/sid/.rvm/gems/ruby-2.7.0@global/bin:/usr/share/rvm/rubies/ruby-2.7.0/bin:/usr/share/rvm/bin:/usr/local/sbin:/usr/local/bin:/usr/sbin:/usr/bin:/sbin:/bin:/usr/games:/usr/local/games:/mnt/c/Program Files/WindowsApps/CanonicalGroupLimited.UbuntuonWindows_1804.2020.5.0_x64__79rhkp1fndgsc:/mnt/c/windows/system32:/mnt/c/windows:/mnt/c/windows/System32/Wbem:/mnt/c/windows/System32/WindowsPowerShell/v1.0:/mnt/c/windows/System32/OpenSSH:/mnt/d/Softwares/bin:/mnt/c/Users/Sidharth/AppData/Local/Microsoft/WindowsApps:/mnt/c/Users/Sidharth/AppData/Local/atom/bin:/mnt/c/Users/Sidharth/AppData/Local/Yarn/bin:/snap/bin
command(2): alias_delete_execute default
+ for _path in "$rvm_rubies_path" "$rvm_gems_path" "$rvm_environments_path" "$rvm_wrappers_path"
+ [[ -L /usr/share/rvm/rubies/default ]]
+ for _path in "$rvm_rubies_path" "$rvm_gems_path" "$rvm_environments_path" "$rvm_wrappers_path"
+ [[ -L /home/sid/.rvm/gems/default ]]
+ for _path in "$rvm_rubies_path" "$rvm_gems_path" "$rvm_environments_path" "$rvm_wrappers_path"
+ [[ -L /home/sid/.rvm/environments/default ]]
+ for _path in "$rvm_rubies_path" "$rvm_gems_path" "$rvm_environments_path" "$rvm_wrappers_path"
+ [[ -L /home/sid/.rvm/wrappers/default ]]
+ __rvm_db_ /usr/share/rvm/config/alias default delete
+ typeset __db __key __value
+ __db=/usr/share/rvm/config/alias
+ __key=default
+ shift 2
+ __value=delete
+ case "${__value}" in
+ __rvm_db_remove /usr/share/rvm/config/alias default
+ [[ -f /usr/share/rvm/config/alias ]]
+ __rvm_sed -e '\#^default=# d' -e '/^$/d' /usr/share/rvm/config/alias
+ sed -e '\#^default=# d' -e '/^$/d' /usr/share/rvm/config/alias
+ command mv -f /usr/share/rvm/config/alias.new /usr/share/rvm/config/alias
+ mv -f /usr/share/rvm/config/alias.new /usr/share/rvm/config/alias
+ alias_after_delete_default default
+ [[ default == \d\e\f\a\u\l\t ]]
+ for _path in "$rvm_bin_path"/default_*
+ [[ -f /usr/share/rvm/bin/default_* ]]
+ _path='/usr/share/rvm/bin/default_*'
+ [[ -f /usr/share/rvm/bin/default_* ]]
+ for _path in "$rvm_path"/wrappers/default/* gem irb erb ri rdoc testrb rake ruby bundle
+ _path='*'
+ command rm -fv '/usr/share/rvm/bin/*'
+ rm -fv '/usr/share/rvm/bin/*'
+ for _path in "$rvm_path"/wrappers/default/* gem irb erb ri rdoc testrb rake ruby bundle
+ _path=gem
+ command rm -fv /usr/share/rvm/bin/gem
+ rm -fv /usr/share/rvm/bin/gem
+ for _path in "$rvm_path"/wrappers/default/* gem irb erb ri rdoc testrb rake ruby bundle
+ _path=irb
+ command rm -fv /usr/share/rvm/bin/irb
+ rm -fv /usr/share/rvm/bin/irb
+ for _path in "$rvm_path"/wrappers/default/* gem irb erb ri rdoc testrb rake ruby bundle
+ _path=erb
+ command rm -fv /usr/share/rvm/bin/erb
+ rm -fv /usr/share/rvm/bin/erb
+ for _path in "$rvm_path"/wrappers/default/* gem irb erb ri rdoc testrb rake ruby bundle
+ _path=ri
+ command rm -fv /usr/share/rvm/bin/ri
+ rm -fv /usr/share/rvm/bin/ri
+ for _path in "$rvm_path"/wrappers/default/* gem irb erb ri rdoc testrb rake ruby bundle
+ _path=rdoc
+ command rm -fv /usr/share/rvm/bin/rdoc
+ rm -fv /usr/share/rvm/bin/rdoc
+ for _path in "$rvm_path"/wrappers/default/* gem irb erb ri rdoc testrb rake ruby bundle
+ _path=testrb
+ command rm -fv /usr/share/rvm/bin/testrb
+ rm -fv /usr/share/rvm/bin/testrb
+ for _path in "$rvm_path"/wrappers/default/* gem irb erb ri rdoc testrb rake ruby bundle
+ _path=rake
+ command rm -fv /usr/share/rvm/bin/rake
+ rm -fv /usr/share/rvm/bin/rake
+ for _path in "$rvm_path"/wrappers/default/* gem irb erb ri rdoc testrb rake ruby bundle
+ _path=ruby
+ command rm -fv /usr/share/rvm/bin/ruby
+ rm -fv /usr/share/rvm/bin/ruby
+ for _path in "$rvm_path"/wrappers/default/* gem irb erb ri rdoc testrb rake ruby bundle
+ _path=bundle
+ command rm -fv /usr/share/rvm/bin/bundle
+ rm -fv /usr/share/rvm/bin/bundle
