[2020-04-18T18:12:11+05:30] starting `/usr/local/heroku/bin/heroku update --autoupdate` from /usr/local/heroku/bin/heroku.js -v
waiting until 2020-04-18T13:42:11.888Z to update
waiting until 2020-04-18T13:42:50.000Z to update
waiting until 2020-04-18T13:43:15.000Z to update
waiting until 2020-04-18T13:44:19.000Z to update
waiting until 2020-04-18T13:44:19.000Z to update
waiting until 2020-04-18T13:44:19.000Z to update
waiting until 2020-04-18T13:44:19.000Z to update
waiting until 2020-04-18T13:44:19.000Z to update
waiting until 2020-04-18T13:49:15.000Z to update
waiting until 2020-04-18T13:50:18.000Z to update
waiting until 2020-04-18T13:50:18.000Z to update
waiting until 2020-04-18T13:50:18.000Z to update
waiting until 2020-04-18T13:50:18.000Z to update
waiting until 2020-04-18T13:54:47.000Z to update
waiting until 2020-04-18T13:55:17.000Z to update
waiting until 2020-04-18T13:56:46.000Z to update
waiting until 2020-04-18T13:56:46.000Z to update
waiting until 2020-04-18T13:56:46.000Z to update
waiting until 2020-04-18T13:56:46.000Z to update
waiting until 2020-04-18T13:56:46.000Z to update
waiting until 2020-04-18T13:56:46.000Z to update
waiting until 2020-04-18T14:03:08.000Z to update
waiting until 2020-04-18T14:03:08.000Z to update
waiting until 2020-04-18T14:03:08.000Z to update
waiting until 2020-04-18T14:03:08.000Z to update
waiting until 2020-04-18T14:03:08.000Z to update
waiting until 2020-04-18T14:03:08.000Z to update
waiting until 2020-04-18T14:03:08.000Z to update
waiting until 2020-04-18T14:03:08.000Z to update
waiting until 2020-04-18T14:03:08.000Z to update
waiting until 2020-04-18T14:03:08.000Z to update
waiting until 2020-04-18T14:03:08.000Z to update
waiting until 2020-04-18T14:03:08.000Z to update
waiting until 2020-04-18T14:03:08.000Z to update
waiting until 2020-04-18T14:03:08.000Z to update
waiting until 2020-04-18T14:03:08.000Z to update
waiting until 2020-04-18T14:03:08.000Z to update
waiting until 2020-04-18T14:03:08.000Z to update
waiting until 2020-04-18T14:03:08.000Z to update
waiting until 2020-04-18T14:03:08.000Z to update
waiting until 2020-04-18T14:03:08.000Z to update
waiting until 2020-04-18T14:03:08.000Z to update
waiting until 2020-04-18T14:03:08.000Z to update
waiting until 2020-04-18T14:03:08.000Z to update
waiting until 2020-04-18T14:03:08.000Z to update
waiting until 2020-04-18T14:26:42.000Z to update
waiting until 2020-04-18T14:28:13.000Z to update
waiting until 2020-04-18T14:28:13.000Z to update
waiting until 2020-04-18T14:28:13.000Z to update
waiting until 2020-04-18T14:28:13.000Z to update
waiting until 2020-04-18T14:28:13.000Z to update
waiting until 2020-04-18T14:28:13.000Z to update
waiting until 2020-04-18T14:28:13.000Z to update
waiting until 2020-04-18T14:28:13.000Z to update
waiting until 2020-04-18T14:28:13.000Z to update
waiting until 2020-04-18T14:28:13.000Z to update
waiting until 2020-04-18T14:28:13.000Z to update
waiting until 2020-04-18T14:28:13.000Z to update
waiting until 2020-04-18T14:28:13.000Z to update
waiting until 2020-04-18T14:28:13.000Z to update
waiting until 2020-04-18T14:28:13.000Z to update
waiting until 2020-04-18T14:28:13.000Z to update
waiting until 2020-04-18T14:28:13.000Z to update
waiting until 2020-04-18T14:28:13.000Z to update
waiting until 2020-04-18T14:28:13.000Z to update
waiting until 2020-04-18T14:28:13.000Z to update
waiting until 2020-04-18T14:28:13.000Z to update
waiting until 2020-04-18T14:28:13.000Z to update
waiting until 2020-04-18T14:28:13.000Z to update
waiting until 2020-04-18T14:28:13.000Z to update
[2020-04-20T13:09:45+05:30] starting `/usr/local/heroku/bin/heroku update --autoupdate` from /usr/local/heroku/bin/heroku.js run
waiting until 2020-04-20T08:39:45.000Z to update
waiting until 2020-04-20T08:39:45.000Z to update
waiting until 2020-04-20T08:39:45.000Z to update
waiting until 2020-04-20T08:39:45.000Z to update
waiting until 2020-04-20T08:39:45.000Z to update
waiting until 2020-04-20T08:39:45.000Z to update
waiting until 2020-04-20T08:39:45.000Z to update
waiting until 2020-04-20T08:39:45.000Z to update
waiting until 2020-04-20T08:39:45.000Z to update
waiting until 2020-04-20T08:39:45.000Z to update
waiting until 2020-04-20T08:39:45.000Z to update
waiting until 2020-04-20T08:39:45.000Z to update
waiting until 2020-04-20T08:51:14.000Z to update
waiting until 2020-04-20T08:51:14.000Z to update
waiting until 2020-04-20T08:51:14.000Z to update
waiting until 2020-04-20T08:51:14.000Z to update
waiting until 2020-04-20T08:51:14.000Z to update
waiting until 2020-04-20T08:51:14.000Z to update
waiting until 2020-04-20T08:51:14.000Z to update
waiting until 2020-04-20T08:51:14.000Z to update
waiting until 2020-04-20T08:51:14.000Z to update
waiting until 2020-04-20T08:51:14.000Z to update
waiting until 2020-04-20T08:51:14.000Z to update
waiting until 2020-04-20T08:51:14.000Z to update
waiting until 2020-04-20T08:51:14.000Z to update
waiting until 2020-04-20T08:51:14.000Z to update
waiting until 2020-04-20T08:51:14.000Z to update
waiting until 2020-04-20T08:51:14.000Z to update
waiting until 2020-04-20T08:51:14.000Z to update
waiting until 2020-04-20T08:51:14.000Z to update
waiting until 2020-04-20T08:51:14.000Z to update
waiting until 2020-04-20T08:51:14.000Z to update
waiting until 2020-04-20T08:51:14.000Z to update
waiting until 2020-04-20T08:51:14.000Z to update
waiting until 2020-04-20T08:51:14.000Z to update
waiting until 2020-04-20T08:51:14.000Z to update
waiting until 2020-04-20T08:51:14.000Z to update
waiting until 2020-04-20T08:51:14.000Z to update
waiting until 2020-04-20T08:51:14.000Z to update
waiting until 2020-04-20T08:51:14.000Z to update
waiting until 2020-04-20T08:51:14.000Z to update
waiting until 2020-04-20T08:51:14.000Z to update
waiting until 2020-04-20T08:51:14.000Z to update
waiting until 2020-04-20T08:51:14.000Z to update
waiting until 2020-04-20T08:51:14.000Z to update
waiting until 2020-04-20T08:51:14.000Z to update
waiting until 2020-04-20T08:51:14.000Z to update
waiting until 2020-04-20T08:51:14.000Z to update
waiting until 2020-04-20T08:51:14.000Z to update
waiting until 2020-04-20T08:51:14.000Z to update
waiting until 2020-04-20T08:51:14.000Z to update
waiting until 2020-04-20T08:51:14.000Z to update
waiting until 2020-04-20T08:51:14.000Z to update
waiting until 2020-04-20T08:51:14.000Z to update
waiting until 2020-04-20T08:51:14.000Z to update
waiting until 2020-04-20T08:51:14.000Z to update
waiting until 2020-04-20T08:51:14.000Z to update
waiting until 2020-04-20T08:51:14.000Z to update
waiting until 2020-04-20T08:51:14.000Z to update
waiting until 2020-04-20T08:51:14.000Z to update
waiting until 2020-04-20T08:51:14.000Z to update
waiting until 2020-04-20T08:51:14.000Z to update
waiting until 2020-04-20T08:51:14.000Z to update
waiting until 2020-04-20T08:51:14.000Z to update
waiting until 2020-04-20T08:51:14.000Z to update
waiting until 2020-04-20T08:51:14.000Z to update
waiting until 2020-04-20T08:51:14.000Z to update
waiting until 2020-04-20T08:51:14.000Z to update
waiting until 2020-04-20T08:51:14.000Z to update
waiting until 2020-04-20T08:51:14.000Z to update
waiting until 2020-04-20T08:51:14.000Z to update
waiting until 2020-04-20T08:51:14.000Z to update
time to update
heroku-cli: Updating CLI...
heroku-cli: Updating CLI from 6.99.0-ec9edad to 7.39.3... done
heroku: Updating CLI... already on latest version: 7.39.3
Updating completions...
Updating completions... done
